<?xml version="1.0" encoding="UTF-8"?>
<!-- Generated by org.testng.reporters.JUnitReportReporter -->
<testsuite hostname="DESKTOP-L9361S2" failures="0" tests="1" name="testScript.HomePageTest" time="10.651" errors="0" timestamp="2025-04-02T23:21:09 IST" skipped="0">
  <testcase classname="testScript.HomePageTest" name="Scrolldown" time="10.651"/>
</testsuite> <!-- testScript.HomePageTest -->
