<?xml version="1.0" encoding="UTF-8"?>
<!-- Generated by org.testng.reporters.JUnitReportReporter -->
<testsuite hostname="DESKTOP-L9361S2" failures="0" tests="6" name="testScript.SignupTest" time="66.802" errors="0" timestamp="2025-04-02T21:04:04 IST" skipped="0">
  <testcase classname="testScript.SignupTest" name="signUpwithemptymail" time="8.185"/>
  <testcase classname="testScript.SignupTest" name="signUpwithemptyusername" time="11.648"/>
  <testcase classname="testScript.SignupTest" name="signUpwithemptypassword" time="10.782"/>
  <testcase classname="testScript.SignupTest" name="signUpwithnotusespecialsymbol" time="14.056"/>
  <testcase classname="testScript.SignupTest" name="signUp" time="11.867"/>
  <testcase classname="testScript.SignupTest" name="signUpwithemptyconfirmpassword" time="10.264"/>
</testsuite> <!-- testScript.SignupTest -->
