<?xml version="1.0" encoding="UTF-8"?>
<!-- Generated by org.testng.reporters.JUnitReportReporter -->
<testsuite hostname="DESKTOP-L9361S2" failures="0" tests="1" name="testScript.LogInTest" time="10.963" errors="0" timestamp="2025-04-02T23:22:08 IST" skipped="0">
  <testcase classname="testScript.LogInTest" name="loginwithinvalidcardentialswithemptypassword" time="10.963"/>
</testsuite> <!-- testScript.LogInTest -->
